<?xml version="1.0" encoding="UTF-8"?>
<!-- Generated by org.testng.reporters.JUnitXMLReporter -->
<testsuite hostname="Dev-C1BF-Neeraj" name="SignIn And Login" tests="4" failures="0" timestamp="12 Dec 2016 10:33:02 GMT" time="43.367" errors="0">
  <testcase name="clickSignInNavigateHomePage" time="17.384" classname="TC001_SignInButton"/>
  <testcase name="successFulLogin" time="1.868" classname="TC003_Login"/>
  <testcase name="verifyUserName" time="0.06" classname="TC003_Login"/>
  <testcase name="failedLogin" time="6.402" classname="TC003_Login"/>
</testsuite> <!-- SignIn And Login -->
